<?xml version="1.0" encoding="UTF-8"?>
<testsuite name="com.telran.selenium.tests.BoardCreationTests" tests="13" skipped="0" failures="0" errors="0" timestamp="2019-10-03T15:12:49" hostname="MacBook-Pro-Dmitrij.local" time="426.622">
  <properties/>
  <testcase name="testBoardCreationFromPersonalBoardsSection" classname="com.telran.selenium.tests.BoardCreationTests" time="29.581"/>
  <testcase name="testBoardCreationFromPlusButtonOnHeader" classname="com.telran.selenium.tests.BoardCreationTests" time="33.197"/>
  <testcase name="testBoardCreationFromPlusButtonOnHeaderWithDataProvider[0](name)" classname="com.telran.selenium.tests.BoardCreationTests" time="32.722"/>
  <testcase name="testBoardCreationFromPlusButtonOnHeaderWithDataProvider[1](Name)" classname="com.telran.selenium.tests.BoardCreationTests" time="32.974"/>
  <testcase name="testBoardCreationFromPlusButtonOnHeaderWithDataProvider[2](12325)" classname="com.telran.selenium.tests.BoardCreationTests" time="33.117"/>
  <testcase name="testBoardCreationFromPlusButtonOnHeaderWithDataProvider[3]($%^&amp;)" classname="com.telran.selenium.tests.BoardCreationTests" time="32.93"/>
  <testcase name="testBoardCreationFromPlusButtonOnHeaderWithDataProvider[4](name)" classname="com.telran.selenium.tests.BoardCreationTests" time="32.63"/>
  <testcase name="testBoardCreationFromPlusButtonOnHeaderWithDataProviderFromCsv[0](com.telran.selenium.model.BoardNames@3e7aea28)" classname="com.telran.selenium.tests.BoardCreationTests" time="33.403"/>
  <testcase name="testBoardCreationFromPlusButtonOnHeaderWithDataProviderFromCsv[1](com.telran.selenium.model.BoardNames@52932522)" classname="com.telran.selenium.tests.BoardCreationTests" time="33.515"/>
  <testcase name="testBoardCreationFromPlusButtonOnHeaderWithDataProviderFromCsv[2](com.telran.selenium.model.BoardNames@d46d7e)" classname="com.telran.selenium.tests.BoardCreationTests" time="32.919"/>
  <testcase name="testBoardCreationFromPlusButtonOnHeaderWithDataProviderFromCsv[3](com.telran.selenium.model.BoardNames@6daa862a)" classname="com.telran.selenium.tests.BoardCreationTests" time="33.236"/>
  <testcase name="testBoardCreationFromPlusButtonOnHeaderWithDataProviderFromCsv[4](com.telran.selenium.model.BoardNames@2c669ff3)" classname="com.telran.selenium.tests.BoardCreationTests" time="32.846"/>
  <testcase name="testBoardCreationFromPlusButtonOnHeaderWithDataProviderFromCsv[5](com.telran.selenium.model.BoardNames@43300150)" classname="com.telran.selenium.tests.BoardCreationTests" time="33.359"/>
  <system-out><![CDATA[]]></system-out>
  <system-err><![CDATA[]]></system-err>
</testsuite>
