<?xml version="1.0" encoding="UTF-8"?>
<testsuite name="com.telran.selenium.TeamCreationTest" tests="1" skipped="0" failures="0" errors="0" timestamp="2019-09-02T18:00:39" hostname="MacBook-Pro-Dmitrij.local" time="4.543">
  <properties/>
  <testcase name="testTeamCreation" classname="com.telran.selenium.TeamCreationTest" time="4.543"/>
  <system-out><![CDATA[]]></system-out>
  <system-err><![CDATA[Starting ChromeDriver 76.0.3809.126 (d80a294506b4c9d18015e755cee48f953ddc3f2f-refs/branch-heads/3809@{#1024}) on port 21740
Only local connections are allowed.
Please protect ports used by ChromeDriver and related test frameworks to prevent access by malicious code.
сен 02, 2019 9:00:32 PM org.openqa.selenium.remote.ProtocolHandshake createSession
INFO: Detected dialect: W3C
]]></system-err>
</testsuite>
