<?xml version="1.0" encoding="UTF-8"?>
<testsuite name="com.telran.selenium.BoardCreationTest" tests="1" skipped="0" failures="0" errors="0" timestamp="2019-09-03T14:19:22" hostname="MacBook-Pro-Dmitrij.local" time="4.609">
  <properties/>
  <testcase name="testBoardCreation" classname="com.telran.selenium.BoardCreationTest" time="4.609"/>
  <system-out><![CDATA[]]></system-out>
  <system-err><![CDATA[Starting ChromeDriver 76.0.3809.126 (d80a294506b4c9d18015e755cee48f953ddc3f2f-refs/branch-heads/3809@{#1024}) on port 7979
Only local connections are allowed.
Please protect ports used by ChromeDriver and related test frameworks to prevent access by malicious code.
сен 03, 2019 5:19:16 PM org.openqa.selenium.remote.ProtocolHandshake createSession
INFO: Detected dialect: W3C
]]></system-err>
</testsuite>
