<?xml version="1.0" encoding="UTF-8"?>
<testsuite name="com.telran.selenium.tests.TeamDeletionTests" tests="1" skipped="0" failures="0" errors="0" timestamp="2019-10-03T15:12:42" hostname="MacBook-Pro-Dmitrij.local" time="6.592">
  <properties/>
  <testcase name="testTeamDeletionFromLeftNavMenu" classname="com.telran.selenium.tests.TeamDeletionTests" time="6.592"/>
  <system-out><![CDATA[]]></system-out>
  <system-err><![CDATA[]]></system-err>
</testsuite>
