<?xml version="1.0" encoding="UTF-8"?>
<testsuite name="com.telran.selenium.tests.BoardModificationTests" tests="1" skipped="0" failures="0" errors="0" timestamp="2019-10-03T15:25:54" hostname="MacBook-Pro-Dmitrij.local" time="1.09">
  <properties/>
  <testcase name="renameBoardTest" classname="com.telran.selenium.tests.BoardModificationTests" time="1.09"/>
  <system-out><![CDATA[]]></system-out>
  <system-err><![CDATA[]]></system-err>
</testsuite>
