<?xml version="1.0" encoding="UTF-8"?>
<testsuite name="com.telran.selenium.BoardCreationTests" tests="2" skipped="0" failures="0" errors="0" timestamp="2019-09-12T15:37:33" hostname="MacBook-Pro-Dmitrij.local" time="36.547">
  <properties/>
  <testcase name="testBoardCreationFromPersonalBoardsSection" classname="com.telran.selenium.BoardCreationTests" time="18.626"/>
  <testcase name="testBoardCreationFromPlusButtonOnHeader" classname="com.telran.selenium.BoardCreationTests" time="17.883"/>
  <system-out><![CDATA[]]></system-out>
  <system-err><![CDATA[Starting ChromeDriver 76.0.3809.126 (d80a294506b4c9d18015e755cee48f953ddc3f2f-refs/branch-heads/3809@{#1024}) on port 7956
Only local connections are allowed.
Please protect ports used by ChromeDriver and related test frameworks to prevent access by malicious code.
сен 12, 2019 6:37:09 PM org.openqa.selenium.remote.ProtocolHandshake createSession
INFO: Detected dialect: W3C
]]></system-err>
</testsuite>
