<?xml version="1.0" encoding="UTF-8"?>
<testsuite name="com.telran.selenium.BoardDeletionTests" tests="1" skipped="0" failures="0" errors="0" timestamp="2019-09-12T15:39:10" hostname="MacBook-Pro-Dmitrij.local" time="16.876">
  <properties/>
  <testcase name="testBoardDeletion" classname="com.telran.selenium.BoardDeletionTests" time="16.876"/>
  <system-out><![CDATA[]]></system-out>
  <system-err><![CDATA[Starting ChromeDriver 76.0.3809.126 (d80a294506b4c9d18015e755cee48f953ddc3f2f-refs/branch-heads/3809@{#1024}) on port 9391
Only local connections are allowed.
Please protect ports used by ChromeDriver and related test frameworks to prevent access by malicious code.
сен 12, 2019 6:38:53 PM org.openqa.selenium.remote.ProtocolHandshake createSession
INFO: Detected dialect: W3C
]]></system-err>
</testsuite>
