<?xml version="1.0" encoding="UTF-8"?>
<testsuite name="com.telran.selenium.tests.TeamModificationTests" tests="1" skipped="0" failures="0" errors="0" timestamp="2019-09-27T19:24:18" hostname="MacBook-Pro-Dmitrij.local" time="7.421">
  <properties/>
  <testcase name="testRenameTeam" classname="com.telran.selenium.tests.TeamModificationTests" time="7.421"/>
  <system-out><![CDATA[]]></system-out>
  <system-err><![CDATA[]]></system-err>
</testsuite>
