<?xml version="1.0" encoding="UTF-8"?>
<testsuite name="com.telran.selenium.tests.BoardCreationTests" tests="13" skipped="0" failures="0" errors="0" timestamp="2019-10-07T16:19:18" hostname="MacBook-Pro-Dmitrij.local" time="427.24">
  <properties/>
  <testcase name="testBoardCreationFromPersonalBoardsSection" classname="com.telran.selenium.tests.BoardCreationTests" time="29.247"/>
  <testcase name="testBoardCreationFromPlusButtonOnHeader" classname="com.telran.selenium.tests.BoardCreationTests" time="33.223"/>
  <testcase name="testBoardCreationFromPlusButtonOnHeaderWithDataProvider[0](name)" classname="com.telran.selenium.tests.BoardCreationTests" time="33.104"/>
  <testcase name="testBoardCreationFromPlusButtonOnHeaderWithDataProvider[1](Name)" classname="com.telran.selenium.tests.BoardCreationTests" time="33.046"/>
  <testcase name="testBoardCreationFromPlusButtonOnHeaderWithDataProvider[2](12325)" classname="com.telran.selenium.tests.BoardCreationTests" time="33.706"/>
  <testcase name="testBoardCreationFromPlusButtonOnHeaderWithDataProvider[3]($%^&amp;)" classname="com.telran.selenium.tests.BoardCreationTests" time="32.963"/>
  <testcase name="testBoardCreationFromPlusButtonOnHeaderWithDataProvider[4](name)" classname="com.telran.selenium.tests.BoardCreationTests" time="32.788"/>
  <testcase name="testBoardCreationFromPlusButtonOnHeaderWithDataProviderFromCsv[0](com.telran.selenium.model.BoardNames@3745f3c3)" classname="com.telran.selenium.tests.BoardCreationTests" time="32.895"/>
  <testcase name="testBoardCreationFromPlusButtonOnHeaderWithDataProviderFromCsv[1](com.telran.selenium.model.BoardNames@43eca53d)" classname="com.telran.selenium.tests.BoardCreationTests" time="33.105"/>
  <testcase name="testBoardCreationFromPlusButtonOnHeaderWithDataProviderFromCsv[2](com.telran.selenium.model.BoardNames@3fe81aff)" classname="com.telran.selenium.tests.BoardCreationTests" time="33.605"/>
  <testcase name="testBoardCreationFromPlusButtonOnHeaderWithDataProviderFromCsv[3](com.telran.selenium.model.BoardNames@24dae3fa)" classname="com.telran.selenium.tests.BoardCreationTests" time="33.293"/>
  <testcase name="testBoardCreationFromPlusButtonOnHeaderWithDataProviderFromCsv[4](com.telran.selenium.model.BoardNames@639de1d5)" classname="com.telran.selenium.tests.BoardCreationTests" time="32.952"/>
  <testcase name="testBoardCreationFromPlusButtonOnHeaderWithDataProviderFromCsv[5](com.telran.selenium.model.BoardNames@30371332)" classname="com.telran.selenium.tests.BoardCreationTests" time="33.011"/>
  <system-out><![CDATA[19:19:18.491 [Test worker] INFO  c.t.s.tests.BoardCreationTests - start test BoardCreationTest
19:19:47.751 [Test worker] INFO  c.t.s.tests.BoardCreationTests - stop test BoardCreationTest
19:19:47.805 [Test worker] INFO  c.t.s.tests.BoardCreationTests - start test BoardCreationTest
19:20:21.029 [Test worker] INFO  c.t.s.tests.BoardCreationTests - stop test BoardCreationTest
19:20:21.058 [Test worker] INFO  c.t.s.tests.BoardCreationTests - start test BoardCreationTest
19:20:54.163 [Test worker] INFO  c.t.s.tests.BoardCreationTests - stop test BoardCreationTest
19:20:54.181 [Test worker] INFO  c.t.s.tests.BoardCreationTests - start test BoardCreationTest
19:21:27.228 [Test worker] INFO  c.t.s.tests.BoardCreationTests - stop test BoardCreationTest
19:21:27.248 [Test worker] INFO  c.t.s.tests.BoardCreationTests - start test BoardCreationTest
19:22:00.956 [Test worker] INFO  c.t.s.tests.BoardCreationTests - stop test BoardCreationTest
19:22:00.979 [Test worker] INFO  c.t.s.tests.BoardCreationTests - start test BoardCreationTest
19:22:33.942 [Test worker] INFO  c.t.s.tests.BoardCreationTests - stop test BoardCreationTest
19:22:33.962 [Test worker] INFO  c.t.s.tests.BoardCreationTests - start test BoardCreationTest
19:23:06.751 [Test worker] INFO  c.t.s.tests.BoardCreationTests - stop test BoardCreationTest
19:23:06.772 [Test worker] INFO  c.t.s.tests.BoardCreationTests - start test BoardCreationTest
19:23:39.667 [Test worker] INFO  c.t.s.tests.BoardCreationTests - stop test BoardCreationTest
19:23:39.688 [Test worker] INFO  c.t.s.tests.BoardCreationTests - start test BoardCreationTest
19:24:12.794 [Test worker] INFO  c.t.s.tests.BoardCreationTests - stop test BoardCreationTest
19:24:12.815 [Test worker] INFO  c.t.s.tests.BoardCreationTests - start test BoardCreationTest
19:24:46.422 [Test worker] INFO  c.t.s.tests.BoardCreationTests - stop test BoardCreationTest
19:24:46.443 [Test worker] INFO  c.t.s.tests.BoardCreationTests - start test BoardCreationTest
19:25:19.736 [Test worker] INFO  c.t.s.tests.BoardCreationTests - stop test BoardCreationTest
19:25:19.762 [Test worker] INFO  c.t.s.tests.BoardCreationTests - start test BoardCreationTest
19:25:52.715 [Test worker] INFO  c.t.s.tests.BoardCreationTests - stop test BoardCreationTest
19:25:52.731 [Test worker] INFO  c.t.s.tests.BoardCreationTests - start test BoardCreationTest
19:26:25.743 [Test worker] INFO  c.t.s.tests.BoardCreationTests - stop test BoardCreationTest
]]></system-out>
  <system-err><![CDATA[]]></system-err>
</testsuite>
