<?xml version="1.0" encoding="UTF-8"?>
<testsuite name="OpenAppTest" tests="1" skipped="0" failures="0" errors="0" timestamp="2019-11-10T12:51:14" hostname="MacBook-Pro-Dmitrij.local" time="0.002">
  <properties/>
  <testcase name="openAppTest" classname="OpenAppTest" time="0.002"/>
  <system-out><![CDATA[App opened
]]></system-out>
  <system-err><![CDATA[ноя 10, 2019 2:51:13 PM io.appium.java_client.remote.AppiumCommandExecutor$1 lambda$0
INFO: Detected dialect: W3C
]]></system-err>
</testsuite>
